# JRE version: OpenJDK Runtime Environment (17.0.10) (build 17.0.10+0--11572160)
# Java VM: OpenJDK 64-Bit Server VM (17.0.10+0--11572160, mixed mode, tiered, compressed oops, compressed class ptrs, g1 gc, windows-amd64)
GC Precious Log:
 CPUs: 8 total, 8 available
 Memory: 16214M
 Large Page Support: Disabled
 NUMA Support: Disabled
 Compressed Oops: Enabled (32-bit)
 Heap Region Size: 1M
 Heap Min Capacity: 8M
 Heap Initial Capacity: 254M
 Heap Max Capacity: 2G
 Pre-touch: Disabled
 Parallel Workers: 8
 Concurrent Workers: 2
 Concurrent Refinement Workers: 8
 Periodic GC: Disabled
Heap:
 garbage-first heap   total 464896K, used 370375K [0x0000000080000000, 0x0000000100000000)
  region size 1024K, 5 young (5120K), 5 survivors (5120K)
 Metaspace       used 234008K, committed 235392K, reserved 1310720K
  class space    used 29982K, committed 30656K, reserved 1048576K
GC Heap History (20 events):
Event: 2998.516 GC heap after
{Heap after GC invocations=191 (full 0):
 garbage-first heap   total 464896K, used 313101K [0x0000000080000000, 0x0000000100000000)
  region size 1024K, 7 young (7168K), 7 survivors (7168K)
 Metaspace       used 220332K, committed 221696K, reserved 1245184K
  class space    used 27869K, committed 28544K, reserved 1048576K
}
Event: 3000.959 GC heap before
{Heap before GC invocations=191 (full 0):
 garbage-first heap   total 464896K, used 407309K [0x0000000080000000, 0x0000000100000000)
  region size 1024K, 100 young (102400K), 7 survivors (7168K)
 Metaspace       used 220462K, committed 221824K, reserved 1245184K
  class space    used 27892K, committed 28544K, reserved 1048576K
}
Event: 3000.965 GC heap after
{Heap after GC invocations=192 (full 0):
 garbage-first heap   total 464896K, used 313301K [0x0000000080000000, 0x0000000100000000)
  region size 1024K, 7 young (7168K), 7 survivors (7168K)
 Metaspace       used 220462K, committed 221824K, reserved 1245184K
  class space    used 27892K, committed 28544K, reserved 1048576K
}
Event: 3001.242 GC heap before
{Heap before GC invocations=192 (full 0):
 garbage-first heap   total 464896K, used 408533K [0x0000000080000000, 0x0000000100000000)
  region size 1024K, 101 young (103424K), 7 survivors (7168K)
 Metaspace       used 220474K, committed 221824K, reserved 1245184K
  class space    used 27892K, committed 28544K, reserved 1048576K
}
Event: 3001.248 GC heap after
{Heap after GC invocations=193 (full 0):
 garbage-first heap   total 464896K, used 312058K [0x0000000080000000, 0x0000000100000000)
  region size 1024K, 6 young (6144K), 6 survivors (6144K)
 Metaspace       used 220474K, committed 221824K, reserved 1245184K
  class space    used 27892K, committed 28544K, reserved 1048576K
}
Event: 3001.833 GC heap before
{Heap before GC invocations=193 (full 0):
 garbage-first heap   total 464896K, used 411386K [0x0000000080000000, 0x0000000100000000)
  region size 1024K, 102 young (104448K), 6 survivors (6144K)
 Metaspace       used 222720K, committed 224128K, reserved 1245184K
  class space    used 28243K, committed 28928K, reserved 1048576K
}
Event: 3001.841 GC heap after
{Heap after GC invocations=194 (full 0):
 garbage-first heap   total 464896K, used 315022K [0x0000000080000000, 0x0000000100000000)
  region size 1024K, 9 young (9216K), 9 survivors (9216K)
 Metaspace       used 222720K, committed 224128K, reserved 1245184K
  class space    used 28243K, committed 28928K, reserved 1048576K
}
Event: 3002.951 GC heap before
{Heap before GC invocations=194 (full 0):
 garbage-first heap   total 464896K, used 407182K [0x0000000080000000, 0x0000000100000000)
  region size 1024K, 100 young (102400K), 9 survivors (9216K)
 Metaspace       used 230252K, committed 231680K, reserved 1310720K
  class space    used 29387K, committed 30080K, reserved 1048576K
}
Event: 3002.964 GC heap after
{Heap after GC invocations=195 (full 0):
 garbage-first heap   total 464896K, used 322363K [0x0000000080000000, 0x0000000100000000)
  region size 1024K, 13 young (13312K), 13 survivors (13312K)
 Metaspace       used 230252K, committed 231680K, reserved 1310720K
  class space    used 29387K, committed 30080K, reserved 1048576K
}
Event: 3003.687 GC heap before
{Heap before GC invocations=195 (full 0):
 garbage-first heap   total 464896K, used 404283K [0x0000000080000000, 0x0000000100000000)
  region size 1024K, 93 young (95232K), 13 survivors (13312K)
 Metaspace       used 232625K, committed 233984K, reserved 1310720K
  class space    used 29735K, committed 30400K, reserved 1048576K
}
Event: 3003.695 GC heap after
{Heap after GC invocations=196 (full 0):
 garbage-first heap   total 464896K, used 323929K [0x0000000080000000, 0x0000000100000000)
  region size 1024K, 9 young (9216K), 9 survivors (9216K)
 Metaspace       used 232625K, committed 233984K, reserved 1310720K
  class space    used 29735K, committed 30400K, reserved 1048576K
}
Event: 3003.858 GC heap before
{Heap before GC invocations=196 (full 0):
 garbage-first heap   total 464896K, used 401753K [0x0000000080000000, 0x0000000100000000)
  region size 1024K, 86 young (88064K), 9 survivors (9216K)
 Metaspace       used 232952K, committed 234368K, reserved 1310720K
  class space    used 29774K, committed 30464K, reserved 1048576K
}
Event: 3003.875 GC heap after
{Heap after GC invocations=197 (full 0):
 garbage-first heap   total 464896K, used 339711K [0x0000000080000000, 0x0000000100000000)
  region size 1024K, 11 young (11264K), 11 survivors (11264K)
 Metaspace       used 232952K, committed 234368K, reserved 1310720K
  class space    used 29774K, committed 30464K, reserved 1048576K
}
Event: 3004.018 GC heap before
{Heap before GC invocations=197 (full 0):
 garbage-first heap   total 464896K, used 397055K [0x0000000080000000, 0x0000000100000000)
  region size 1024K, 67 young (68608K), 11 survivors (11264K)
 Metaspace       used 233363K, committed 234752K, reserved 1310720K
  class space    used 29867K, committed 30528K, reserved 1048576K
}
Event: 3004.034 GC heap after
{Heap after GC invocations=198 (full 0):
 garbage-first heap   total 464896K, used 350978K [0x0000000080000000, 0x0000000100000000)
  region size 1024K, 9 young (9216K), 9 survivors (9216K)
 Metaspace       used 233363K, committed 234752K, reserved 1310720K
  class space    used 29867K, committed 30528K, reserved 1048576K
}
Event: 3004.187 GC heap before
{Heap before GC invocations=198 (full 0):
 garbage-first heap   total 464896K, used 398082K [0x0000000080000000, 0x0000000100000000)
  region size 1024K, 55 young (56320K), 9 survivors (9216K)
 Metaspace       used 233762K, committed 235136K, reserved 1310720K
  class space    used 29950K, committed 30592K, reserved 1048576K
}
Event: 3004.202 GC heap after
{Heap after GC invocations=199 (full 0):
 garbage-first heap   total 464896K, used 359718K [0x0000000080000000, 0x0000000100000000)
  region size 1024K, 7 young (7168K), 7 survivors (7168K)
 Metaspace       used 233762K, committed 235136K, reserved 1310720K
  class space    used 29950K, committed 30592K, reserved 1048576K
}
Event: 3004.282 GC heap before
{Heap before GC invocations=199 (full 0):
 garbage-first heap   total 464896K, used 399654K [0x0000000080000000, 0x0000000100000000)
  region size 1024K, 46 young (47104K), 7 survivors (7168K)
 Metaspace       used 233886K, committed 235264K, reserved 1310720K
  class space    used 29962K, committed 30656K, reserved 1048576K
}
Event: 3004.293 GC heap after
{Heap after GC invocations=200 (full 0):
 garbage-first heap   total 464896K, used 366320K [0x0000000080000000, 0x0000000100000000)
  region size 1024K, 6 young (6144K), 6 survivors (6144K)
 Metaspace       used 233886K, committed 235264K, reserved 1310720K
  class space    used 29962K, committed 30656K, reserved 1048576K
}
Event: 3004.400 GC heap before
{Heap before GC invocations=200 (full 0):
 garbage-first heap   total 464896K, used 402160K [0x0000000080000000, 0x0000000100000000)
  region size 1024K, 41 young (41984K), 6 survivors (6144K)
 Metaspace       used 234008K, committed 235392K, reserved 1310720K
  class space    used 29982K, committed 30656K, reserved 1048576K
}

